c:\users\andre\onedrive\escritorio\ucm\tercero\ig\ig2\proyectosogre15x86\bin\0release.ipdb
c:\users\andre\onedrive\escritorio\ucm\tercero\ig\ig2\proyectosogre15x86\bin\0release.iobj
c:\users\andre\onedrive\escritorio\ucm\tercero\ig\ig2\proyectosogre15x86\ig2app\release\vc142.pdb
c:\users\andre\onedrive\escritorio\ucm\tercero\ig\ig2\proyectosogre15x86\ig2app\release\simbad.obj
c:\users\andre\onedrive\escritorio\ucm\tercero\ig\ig2\proyectosogre15x86\ig2app\release\plano.obj
c:\users\andre\onedrive\escritorio\ucm\tercero\ig\ig2\proyectosogre15x86\ig2app\release\messages.obj
c:\users\andre\onedrive\escritorio\ucm\tercero\ig\ig2\proyectosogre15x86\ig2app\release\ig2app.obj
c:\users\andre\onedrive\escritorio\ucm\tercero\ig\ig2\proyectosogre15x86\ig2app\release\ig2main.obj
c:\users\andre\onedrive\escritorio\ucm\tercero\ig\ig2\proyectosogre15x86\ig2app\release\ig2applicationcontext.obj
c:\users\andre\onedrive\escritorio\ucm\tercero\ig\ig2\proyectosogre15x86\ig2app\release\entidadig.obj
c:\users\andre\onedrive\escritorio\ucm\tercero\ig\ig2\proyectosogre15x86\ig2app\release\boya.obj
c:\users\andre\onedrive\escritorio\ucm\tercero\ig\ig2\proyectosogre15x86\ig2app\release\avion.obj
c:\users\andre\onedrive\escritorio\ucm\tercero\ig\ig2\proyectosogre15x86\ig2app\release\aspa.obj
c:\users\andre\onedrive\escritorio\ucm\tercero\ig\ig2\proyectosogre15x86\bin\0release.exe
c:\users\andre\onedrive\escritorio\ucm\tercero\ig\ig2\proyectosogre15x86\bin\0release.pdb
c:\users\andre\onedrive\escritorio\ucm\tercero\ig\ig2\proyectosogre15x86\ig2app\release\0.tlog\0.write.1u.tlog
c:\users\andre\onedrive\escritorio\ucm\tercero\ig\ig2\proyectosogre15x86\ig2app\release\0.tlog\cl.command.1.tlog
c:\users\andre\onedrive\escritorio\ucm\tercero\ig\ig2\proyectosogre15x86\ig2app\release\0.tlog\cl.read.1.tlog
c:\users\andre\onedrive\escritorio\ucm\tercero\ig\ig2\proyectosogre15x86\ig2app\release\0.tlog\cl.write.1.tlog
c:\users\andre\onedrive\escritorio\ucm\tercero\ig\ig2\proyectosogre15x86\ig2app\release\0.tlog\link.command.1.tlog
c:\users\andre\onedrive\escritorio\ucm\tercero\ig\ig2\proyectosogre15x86\ig2app\release\0.tlog\link.read.1.tlog
c:\users\andre\onedrive\escritorio\ucm\tercero\ig\ig2\proyectosogre15x86\ig2app\release\0.tlog\link.write.1.tlog
