c:\hlocal\ig2\proyectosogre15x86\ig2app\release\vc142.pdb
c:\hlocal\ig2\proyectosogre15x86\ig2app\release\simbad.obj
c:\hlocal\ig2\proyectosogre15x86\ig2app\release\plano.obj
c:\hlocal\ig2\proyectosogre15x86\ig2app\release\messages.obj
c:\hlocal\ig2\proyectosogre15x86\ig2app\release\ig2app.obj
c:\hlocal\ig2\proyectosogre15x86\ig2app\release\ig2main.obj
c:\hlocal\ig2\proyectosogre15x86\ig2app\release\ig2applicationcontext.obj
c:\hlocal\ig2\proyectosogre15x86\ig2app\release\entidadig.obj
c:\hlocal\ig2\proyectosogre15x86\ig2app\release\boya.obj
c:\hlocal\ig2\proyectosogre15x86\ig2app\release\avion.obj
c:\hlocal\ig2\proyectosogre15x86\ig2app\release\aspa.obj
c:\hlocal\ig2\proyectosogre15x86\bin\ig2apprelease.ipdb
c:\hlocal\ig2\proyectosogre15x86\bin\ig2apprelease.iobj
c:\hlocal\ig2\proyectosogre15x86\bin\ig2apprelease.exe
c:\hlocal\ig2\proyectosogre15x86\bin\ig2apprelease.pdb
c:\hlocal\ig2\proyectosogre15x86\ig2app\release\ig2app.tlog\cl.command.1.tlog
c:\hlocal\ig2\proyectosogre15x86\ig2app\release\ig2app.tlog\cl.read.1.tlog
c:\hlocal\ig2\proyectosogre15x86\ig2app\release\ig2app.tlog\cl.write.1.tlog
c:\hlocal\ig2\proyectosogre15x86\ig2app\release\ig2app.tlog\ig2app.write.1u.tlog
c:\hlocal\ig2\proyectosogre15x86\ig2app\release\ig2app.tlog\link.command.1.tlog
c:\hlocal\ig2\proyectosogre15x86\ig2app\release\ig2app.tlog\link.read.1.tlog
c:\hlocal\ig2\proyectosogre15x86\ig2app\release\ig2app.tlog\link.write.1.tlog
