  Simbad.cpp
C:\Users\andre\OneDrive\Escritorio\UCM\Tercero\IG\IG2\ProyectosOGRE15x86\OGREsdk\include\OGRE\OgreHardwareBuffer.h(180,58): warning C4251:  'Ogre::HardwareBuffer::mShadowBuffer': class 'std::unique_ptr<Ogre::HardwareBuffer,std::default_delete<_Ty>>' necesita tener una interfaz DLL para que la utilicen los clientes de class 'Ogre::HardwareBuffer'
C:\Users\andre\OneDrive\Escritorio\UCM\Tercero\IG\IG2\ProyectosOGRE15x86\OGREsdk\include\OGRE\OgreHardwareBuffer.h(180,58): warning C4251:         with
C:\Users\andre\OneDrive\Escritorio\UCM\Tercero\IG\IG2\ProyectosOGRE15x86\OGREsdk\include\OGRE\OgreHardwareBuffer.h(180,58): warning C4251:         [
C:\Users\andre\OneDrive\Escritorio\UCM\Tercero\IG\IG2\ProyectosOGRE15x86\OGREsdk\include\OGRE\OgreHardwareBuffer.h(180,58): warning C4251:             _Ty=Ogre::HardwareBuffer
C:\Users\andre\OneDrive\Escritorio\UCM\Tercero\IG\IG2\ProyectosOGRE15x86\OGREsdk\include\OGRE\OgreHardwareBuffer.h(180,58): warning C4251:         ]
C:\Users\andre\OneDrive\Escritorio\UCM\Tercero\IG\IG2\ProyectosOGRE15x86\OGREsdk\include\OGRE\OgreHardwareBuffer.h(180): message :  vea la declaración de 'std::unique_ptr<Ogre::HardwareBuffer,std::default_delete<_Ty>>'
C:\Users\andre\OneDrive\Escritorio\UCM\Tercero\IG\IG2\ProyectosOGRE15x86\OGREsdk\include\OGRE\OgreHardwareBuffer.h(180): message :         with
C:\Users\andre\OneDrive\Escritorio\UCM\Tercero\IG\IG2\ProyectosOGRE15x86\OGREsdk\include\OGRE\OgreHardwareBuffer.h(180): message :         [
C:\Users\andre\OneDrive\Escritorio\UCM\Tercero\IG\IG2\ProyectosOGRE15x86\OGREsdk\include\OGRE\OgreHardwareBuffer.h(180): message :             _Ty=Ogre::HardwareBuffer
C:\Users\andre\OneDrive\Escritorio\UCM\Tercero\IG\IG2\ProyectosOGRE15x86\OGREsdk\include\OGRE\OgreHardwareBuffer.h(180): message :         ]
C:\Users\andre\OneDrive\Escritorio\UCM\Tercero\IG\IG2\ProyectosOGRE15x86\IG2App\Simbad.cpp(37,56): warning C4244:  'argumento': conversión de 'int' a 'Ogre::Real'; posible pérdida de datos
C:\Users\andre\OneDrive\Escritorio\UCM\Tercero\IG\IG2\ProyectosOGRE15x86\IG2App\Simbad.cpp(44,20): warning C4244:  'inicializando': conversión de 'double' a 'Ogre::Real'; posible pérdida de datos
C:\Users\andre\OneDrive\Escritorio\UCM\Tercero\IG\IG2\ProyectosOGRE15x86\IG2App\Simbad.cpp(57,56): warning C4305:  'argumento': truncamiento de 'double' a 'const Ogre::Real'
C:\Users\andre\OneDrive\Escritorio\UCM\Tercero\IG\IG2\ProyectosOGRE15x86\IG2App\Simbad.cpp(65,56): warning C4305:  'argumento': truncamiento de 'double' a 'const Ogre::Real'
  Generando código
  1 of 719 functions ( 0.1%) were compiled, the rest were copied from previous compilation.
    0 functions were new in current compilation
    1 functions had inline decision re-evaluated but remain unchanged
  Generación de código finalizada
SDL2main.lib(SDL_windows_main.obj) : warning LNK4099: no se encontró PDB 'SDL2main.pdb' con 'SDL2main.lib(SDL_windows_main.obj)' o en 'C:\Users\andre\OneDrive\Escritorio\UCM\Tercero\IG\IG2\ProyectosOGRE15x86\bin\SDL2main.pdb'; se vinculará el objeto sin tener en cuenta información de depuración
  IG2App.vcxproj -> C:\Users\andre\OneDrive\Escritorio\UCM\Tercero\IG\IG2\ProyectosOGRE15x86\bin\IG2AppRelease.exe
