13:05:59: Creating resource group General
13:05:59: Creating resource group OgreInternal
13:05:59: Creating resource group OgreAutodetect
13:05:59: SceneManagerFactory for type 'DefaultSceneManager' registered.
13:05:59: Registering ResourceManager for type Material
13:05:59: Registering ResourceManager for type Mesh
13:05:59: Registering ResourceManager for type Skeleton
13:05:59: MovableObjectFactory for type 'ParticleSystem' registered.
13:05:59: ArchiveFactory for archive type FileSystem registered.
13:05:59: ArchiveFactory for archive type Zip registered.
13:05:59: ArchiveFactory for archive type EmbeddedZip registered.
13:05:59: DDS codec registering
13:05:59: ETC codec registering
13:05:59: Registering ResourceManager for type HighLevelGpuProgram
13:05:59: Registering ResourceManager for type Compositor
13:05:59: MovableObjectFactory for type 'Entity' registered.
13:05:59: MovableObjectFactory for type 'Light' registered.
13:05:59: MovableObjectFactory for type 'BillboardSet' registered.
13:05:59: MovableObjectFactory for type 'ManualObject' registered.
13:05:59: MovableObjectFactory for type 'BillboardChain' registered.
13:05:59: MovableObjectFactory for type 'RibbonTrail' registered.
13:05:59: Loading library D:/Pablo/3º/1ºCuatri/IG2/IG2/ProyectosOGRE15x86/bin/.\RenderSystem_GL
13:05:59: Installing plugin: GL RenderSystem
13:05:59: OpenGL Rendering Subsystem created.
13:05:59: Plugin successfully installed
13:05:59: Loading library D:/Pablo/3º/1ºCuatri/IG2/IG2/ProyectosOGRE15x86/bin/.\RenderSystem_GL3Plus
13:05:59: Installing plugin: GL 3+ RenderSystem
13:05:59: OpenGL 3+ Rendering Subsystem created.
13:05:59: Plugin successfully installed
13:05:59: Loading library D:/Pablo/3º/1ºCuatri/IG2/IG2/ProyectosOGRE15x86/bin/.\Plugin_ParticleFX
13:05:59: Installing plugin: ParticleFX
13:05:59: Particle Emitter Type 'Point' registered
13:05:59: Particle Emitter Type 'Box' registered
13:05:59: Particle Emitter Type 'Ellipsoid' registered
13:05:59: Particle Emitter Type 'Cylinder' registered
13:05:59: Particle Emitter Type 'Ring' registered
13:05:59: Particle Emitter Type 'HollowEllipsoid' registered
13:05:59: Particle Affector Type 'LinearForce' registered
13:05:59: Particle Affector Type 'ColourFader' registered
13:05:59: Particle Affector Type 'ColourFader2' registered
13:05:59: Particle Affector Type 'ColourImage' registered
13:05:59: Particle Affector Type 'ColourInterpolator' registered
13:05:59: Particle Affector Type 'Scaler' registered
13:05:59: Particle Affector Type 'Rotator' registered
13:05:59: Particle Affector Type 'DirectionRandomiser' registered
13:05:59: Particle Affector Type 'DeflectorPlane' registered
13:05:59: Plugin successfully installed
13:05:59: Loading library D:/Pablo/3º/1ºCuatri/IG2/IG2/ProyectosOGRE15x86/bin/.\Plugin_BSPSceneManager
13:05:59: Installing plugin: BSP Scene Manager
13:05:59: Plugin successfully installed
13:05:59: Loading library D:/Pablo/3º/1ºCuatri/IG2/IG2/ProyectosOGRE15x86/bin/.\Codec_STBI
13:05:59: stb_image - v2.19 - public domain JPEG/PNG reader
13:05:59: Supported formats: jpeg,jpg,png,bmp,psd,tga,gif,pic,ppm,pgm,hdr
13:05:59: Loading library D:/Pablo/3º/1ºCuatri/IG2/IG2/ProyectosOGRE15x86/bin/.\Plugin_PCZSceneManager
13:05:59: Installing plugin: Portal Connected Zone Scene Manager
13:05:59: PCZone Factory Type 'ZoneType_Default' registered
13:05:59: Plugin successfully installed
13:05:59: Loading library D:/Pablo/3º/1ºCuatri/IG2/IG2/ProyectosOGRE15x86/bin/.\Plugin_OctreeZone
13:05:59: Installing plugin: Octree Zone Factory
13:05:59: Plugin successfully installed
13:05:59: Loading library D:/Pablo/3º/1ºCuatri/IG2/IG2/ProyectosOGRE15x86/bin/.\Plugin_OctreeSceneManager
13:05:59: Installing plugin: Octree Scene Manager
13:05:59: Plugin successfully installed
13:05:59: *-*-* OGRE Initialising
13:05:59: *-*-* Version 1.11.2 (Rhagorthua)
13:05:59: OverlayElementFactory for type Panel registered.
13:05:59: OverlayElementFactory for type BorderPanel registered.
13:05:59: OverlayElementFactory for type TextArea registered.
13:05:59: Registering ResourceManager for type Font
13:05:59: CPU Identifier & Features
13:05:59: -------------------------
13:05:59:  *   CPU ID: AuthenticAMD: AMD Ryzen 7 1700 Eight-Core Processor
13:05:59:  *          SSE: yes
13:05:59:  *         SSE2: yes
13:05:59:  *         SSE3: yes
13:05:59:  *        SSE41: no
13:05:59:  *        SSE42: no
13:05:59:  *          MMX: yes
13:05:59:  *       MMXEXT: yes
13:05:59:  *        3DNOW: no
13:05:59:  *     3DNOWEXT: no
13:05:59:  *         CMOV: yes
13:05:59:  *          TSC: yes
13:05:59:  *INVARIANT TSC: yes
13:05:59:  *          FPU: yes
13:05:59:  *          PRO: yes
13:05:59:  *           HT: no
13:05:59: -------------------------
13:05:59: *** Starting Win32GL Subsystem ***
13:05:59: GL3PlusRenderSystem::_createRenderWindow "IG2App", 1024x768 windowed  miscParams: FSAA=0 externalWindowHandle=2164598 gamma=No vsync=Yes 
13:05:59: Supported WGL extensions: WGL_ARB_extensions_string WGL_ARB_pixel_format WGL_ATI_pixel_format_float WGL_ARB_pixel_format_float WGL_ARB_multisample WGL_EXT_swap_control WGL_EXT_swap_control_tear WGL_ARB_pbuffer WGL_ARB_render_texture WGL_ARB_make_current_read WGL_EXT_extensions_string WGL_ARB_buffer_region WGL_EXT_framebuffer_sRGB WGL_ATI_render_texture_rectangle WGL_EXT_pixel_format_packed_float WGL_I3D_genlock WGL_NV_swap_group WGL_ARB_create_context WGL_AMD_gpu_association WGL_ARB_create_context_profile WGL_ARB_context_flush_control WGL_NV_DX_interop WGL_ARB_create_context_no_error WGL_NV_DX_interop2 WGL_NV_float_buffer
13:05:59: GL_VERSION = 4.6.0.0
13:05:59: GL_VENDOR = ATI Technologies Inc.
13:05:59: GL_RENDERER = Radeon RX 580 Series
13:05:59: GL_EXTENSIONS = GL_AMDX_debug_output GL_AMD_blend_minmax_factor GL_AMD_conservative_depth GL_AMD_debug_output GL_AMD_depth_clamp_separate GL_AMD_draw_buffers_blend GL_AMD_framebuffer_sample_positions GL_AMD_gcn_shader GL_AMD_gpu_shader_half_float GL_AMD_gpu_shader_int16 GL_AMD_gpu_shader_int64 GL_AMD_interleaved_elements GL_AMD_multi_draw_indirect GL_AMD_name_gen_delete GL_AMD_occlusion_query_event GL_AMD_performance_monitor GL_AMD_pinned_memory GL_AMD_query_buffer_object GL_AMD_sample_positions GL_AMD_seamless_cubemap_per_texture GL_AMD_shader_atomic_counter_ops GL_AMD_shader_stencil_export GL_AMD_shader_stencil_value_export GL_AMD_shader_trace GL_AMD_shader_trinary_minmax GL_AMD_sparse_texture GL_AMD_sparse_texture_pool GL_AMD_stencil_operation_extended GL_AMD_texture_cube_map_array GL_AMD_texture_texture4 GL_AMD_transform_feedback3_lines_triangles GL_AMD_transform_feedback4 GL_AMD_vertex_shader_layer GL_AMD_vertex_shader_viewport_index GL_ARB_ES2_compatibility GL_ARB_ES3_1_compatibility GL_ARB_ES3_compatibility GL_ARB_arrays_of_arrays GL_ARB_base_instance GL_ARB_bindless_texture GL_ARB_blend_func_extended GL_ARB_buffer_storage GL_ARB_clear_buffer_object GL_ARB_clear_texture GL_ARB_clip_control GL_ARB_color_buffer_float GL_ARB_compatibility GL_ARB_compressed_texture_pixel_storage GL_ARB_compute_shader GL_ARB_conditional_render_inverted GL_ARB_conservative_depth GL_ARB_copy_buffer GL_ARB_copy_image GL_ARB_cull_distance GL_ARB_debug_output GL_ARB_depth_buffer_float GL_ARB_depth_clamp GL_ARB_depth_texture GL_ARB_derivative_control GL_ARB_direct_state_access GL_ARB_draw_buffers GL_ARB_draw_buffers_blend GL_ARB_draw_elements_base_vertex GL_ARB_draw_indirect GL_ARB_draw_instanced GL_ARB_enhanced_layouts GL_ARB_explicit_attrib_location GL_ARB_explicit_uniform_location GL_ARB_fragment_coord_conventions GL_ARB_fragment_layer_viewport GL_ARB_fragment_program GL_ARB_fragment_program_shadow GL_ARB_fragment_shader GL_ARB_framebuffer_no_attachments GL_ARB_framebuffer_object GL_ARB_framebuffer_sRGB GL_ARB_geometry_shader4 GL_ARB_get_program_binary GL_ARB_get_texture_sub_image GL_ARB_gl_spirv GL_ARB_gpu_shader5 GL_ARB_gpu_shader_fp64 GL_ARB_half_float_pixel GL_ARB_half_float_vertex GL_ARB_imaging GL_ARB_indirect_parameters GL_ARB_instanced_arrays GL_ARB_internalformat_query GL_ARB_internalformat_query2 GL_ARB_invalidate_subdata GL_ARB_map_buffer_alignment GL_ARB_map_buffer_range GL_ARB_multi_bind GL_ARB_multi_draw_indirect GL_ARB_multisample GL_ARB_multitexture GL_ARB_occlusion_query GL_ARB_occlusion_query2 GL_ARB_parallel_shader_compile GL_ARB_pipeline_statistics_query GL_ARB_pixel_buffer_object GL_ARB_point_parameters GL_ARB_point_sprite GL_ARB_polygon_offset_clamp GL_ARB_program_interface_query GL_ARB_provoking_vertex GL_ARB_query_buffer_object GL_ARB_robust_buffer_access_behavior GL_ARB_sample_shading GL_ARB_sampler_objects GL_ARB_seamless_cube_map GL_ARB_seamless_cubemap_per_texture GL_ARB_separate_shader_objects GL_ARB_shader_atomic_counter_ops GL_ARB_shader_atomic_counters GL_ARB_shader_ballot GL_ARB_shader_bit_encoding GL_ARB_shader_draw_parameters GL_ARB_shader_group_vote GL_ARB_shader_image_load_store GL_ARB_shader_image_size GL_ARB_shader_objects GL_ARB_shader_precision GL_ARB_shader_stencil_export GL_ARB_shader_storage_buffer_object GL_ARB_shader_subroutine GL_ARB_shader_texture_image_samples GL_ARB_shader_texture_lod GL_ARB_shader_viewport_layer_array GL_ARB_shading_language_100 GL_ARB_shading_language_420pack GL_ARB_shading_language_packing GL_ARB_shadow GL_ARB_shadow_ambient GL_ARB_sparse_buffer GL_ARB_sparse_texture GL_ARB_spirv_extensions GL_ARB_stencil_texturing GL_ARB_sync GL_ARB_tessellation_shader GL_ARB_texture_barrier GL_ARB_texture_border_clamp GL_ARB_texture_buffer_object GL_ARB_texture_buffer_object_rgb32 GL_ARB_texture_buffer_range GL_ARB_texture_compression GL_ARB_texture_compression_bptc GL_ARB_texture_compression_rgtc GL_ARB_texture_cube_map GL_ARB_texture_cube_map_array GL_ARB_texture_env_add GL_ARB_texture_env_combine GL_ARB_texture_env_crossbar GL_ARB_texture_env_dot3 GL_ARB_texture_float GL_ARB_texture_gather GL_ARB_texture_mirror_clamp_to_edge GL_ARB_texture_mirrored_repeat GL_ARB_texture_multisample GL_ARB_texture_non_power_of_two GL_ARB_texture_query_levels GL_ARB_texture_query_lod GL_ARB_texture_rectangle GL_ARB_texture_rg GL_ARB_texture_rgb10_a2ui GL_ARB_texture_snorm GL_ARB_texture_stencil8 GL_ARB_texture_storage GL_ARB_texture_storage_multisample GL_ARB_texture_swizzle GL_ARB_texture_view GL_ARB_timer_query GL_ARB_transform_feedback2 GL_ARB_transform_feedback3 GL_ARB_transform_feedback_instanced GL_ARB_transform_feedback_overflow_query GL_ARB_transpose_matrix GL_ARB_uniform_buffer_object GL_ARB_vertex_array_bgra GL_ARB_vertex_array_object GL_ARB_vertex_attrib_64bit GL_ARB_vertex_attrib_binding GL_ARB_vertex_buffer_object GL_ARB_vertex_program GL_ARB_vertex_shader GL_ARB_vertex_type_10f_11f_11f_rev GL_ARB_vertex_type_2_10_10_10_rev GL_ARB_viewport_array GL_ARB_window_pos GL_ATI_draw_buffers GL_ATI_envmap_bumpmap GL_ATI_fragment_shader GL_ATI_separate_stencil GL_ATI_texture_compression_3dc GL_ATI_texture_env_combine3 GL_ATI_texture_float GL_ATI_texture_mirror_once GL_EXT_abgr GL_EXT_bgra GL_EXT_bindable_uniform GL_EXT_blend_color GL_EXT_blend_equation_separate GL_EXT_blend_func_separate GL_EXT_blend_minmax GL_EXT_blend_subtract GL_EXT_compiled_vertex_array GL_EXT_copy_buffer GL_EXT_copy_texture GL_EXT_depth_bounds_test GL_EXT_direct_state_access GL_EXT_draw_buffers2 GL_EXT_draw_instanced GL_EXT_draw_range_elements GL_EXT_fog_coord GL_EXT_framebuffer_blit GL_EXT_framebuffer_multisample GL_EXT_framebuffer_object GL_EXT_framebuffer_sRGB GL_EXT_geometry_shader4 GL_EXT_gpu_program_parameters GL_EXT_gpu_shader4 GL_EXT_histogram GL_EXT_memory_object GL_EXT_memory_object_win32 GL_EXT_multi_draw_arrays GL_EXT_packed_depth_stencil GL_EXT_packed_float GL_EXT_packed_pixels GL_EXT_pixel_buffer_object GL_EXT_point_parameters GL_EXT_polygon_offset_clamp GL_EXT_provoking_vertex GL_EXT_rescale_normal GL_EXT_secondary_color GL_EXT_semaphore GL_EXT_semaphore_win32 GL_EXT_separate_specular_color GL_EXT_shader_image_load_store GL_EXT_shader_integer_mix GL_EXT_shadow_funcs GL_EXT_stencil_wrap GL_EXT_subtexture GL_EXT_texgen_reflection GL_EXT_texture3D GL_EXT_texture_array GL_EXT_texture_buffer_object GL_EXT_texture_compression_bptc GL_EXT_texture_compression_latc GL_EXT_texture_compression_rgtc GL_EXT_texture_compression_s3tc GL_EXT_texture_cube_map GL_EXT_texture_edge_clamp GL_EXT_texture_env_add GL_EXT_texture_env_combine GL_EXT_texture_env_dot3 GL_EXT_texture_filter_anisotropic GL_EXT_texture_integer GL_EXT_texture_lod GL_EXT_texture_lod_bias GL_EXT_texture_mirror_clamp GL_EXT_texture_object GL_EXT_texture_rectangle GL_EXT_texture_sRGB GL_EXT_texture_sRGB_R8 GL_EXT_texture_sRGB_RG8 GL_EXT_texture_sRGB_decode GL_EXT_texture_shared_exponent GL_EXT_texture_snorm GL_EXT_texture_storage GL_EXT_texture_swizzle GL_EXT_timer_query GL_EXT_transform_feedback GL_EXT_vertex_array GL_EXT_vertex_array_bgra GL_EXT_vertex_attrib_64bit GL_IBM_texture_mirrored_repeat GL_KHR_context_flush_control GL_KHR_debug GL_KHR_no_error GL_KHR_parallel_shader_compile GL_KHR_robust_buffer_access_behavior GL_KHR_robustness GL_KTX_buffer_region GL_NV_alpha_to_coverage_dither_control GL_NV_blend_square GL_NV_conditional_render GL_NV_copy_depth_to_color GL_NV_copy_image GL_NV_depth_buffer_float GL_NV_explicit_multisample GL_NV_float_buffer GL_NV_half_float GL_NV_primitive_restart GL_NV_shader_atomic_int64 GL_NV_texgen_reflection GL_NV_texture_barrier GL_OES_EGL_image GL_SGIS_generate_mipmap GL_SGIS_texture_edge_clamp GL_SGIS_texture_lod GL_SUN_multi_draw_arrays GL_WIN_swap_hint WGL_EXT_swap_control 
13:05:59: **************************************
13:05:59: ***   OpenGL 3+ Renderer Started   ***
13:05:59: **************************************
13:05:59: Registering ResourceManager for type GpuProgram
13:05:59: GL3+: Using FBOs for rendering to textures
13:05:59: FBO PF_UNKNOWN depth/stencil support: D0S0 D0S1 D0S4 D0S16 D16S0 D16S1 D16S4 D16S16 D24S0 D24S1 D24S4 D24S16 D32S0 D32S1 D32S4 D32S16 D32S0 D32S1 D32S4 D32S16 Packed-D24S8 Packed-D32S8 
13:05:59: FBO PF_L8 depth/stencil support: D0S0 D0S1 D0S4 D0S16 D16S0 D16S1 D16S4 D16S16 D24S0 D24S1 D24S4 D24S16 D32S0 D32S1 D32S4 D32S16 D32S0 D32S1 D32S4 D32S16 Packed-D24S8 Packed-D32S8 
13:05:59: FBO PF_L16 depth/stencil support: D0S0 D0S1 D0S4 D0S16 D16S0 D16S1 D16S4 D16S16 D24S0 D24S1 D24S4 D24S16 D32S0 D32S1 D32S4 D32S16 D32S0 D32S1 D32S4 D32S16 Packed-D24S8 Packed-D32S8 
13:05:59: FBO PF_A8 depth/stencil support: D0S0 D0S1 D0S4 D0S16 D16S0 D16S1 D16S4 D16S16 D24S0 D24S1 D24S4 D24S16 D32S0 D32S1 D32S4 D32S16 D32S0 D32S1 D32S4 D32S16 Packed-D24S8 Packed-D32S8 
13:05:59: FBO PF_BYTE_LA depth/stencil support: D0S0 D0S1 D0S4 D0S16 D16S0 D16S1 D16S4 D16S16 D24S0 D24S1 D24S4 D24S16 D32S0 D32S1 D32S4 D32S16 D32S0 D32S1 D32S4 D32S16 Packed-D24S8 Packed-D32S8 
13:05:59: FBO PF_R5G6B5 depth/stencil support: D0S0 D0S1 D0S4 D0S16 D16S0 D16S1 D16S4 D16S16 D24S0 D24S1 D24S4 D24S16 D32S0 D32S1 D32S4 D32S16 D32S0 D32S1 D32S4 D32S16 Packed-D24S8 Packed-D32S8 
13:05:59: FBO PF_B5G6R5 depth/stencil support: D0S0 D0S1 D0S4 D0S16 D16S0 D16S1 D16S4 D16S16 D24S0 D24S1 D24S4 D24S16 D32S0 D32S1 D32S4 D32S16 D32S0 D32S1 D32S4 D32S16 Packed-D24S8 Packed-D32S8 
13:05:59: FBO PF_A4R4G4B4 depth/stencil support: D0S0 D0S1 D0S4 D0S16 D16S0 D16S1 D16S4 D16S16 D24S0 D24S1 D24S4 D24S16 D32S0 D32S1 D32S4 D32S16 D32S0 D32S1 D32S4 D32S16 Packed-D24S8 Packed-D32S8 
13:05:59: FBO PF_A1R5G5B5 depth/stencil support: D0S0 D0S1 D0S4 D0S16 D16S0 D16S1 D16S4 D16S16 D24S0 D24S1 D24S4 D24S16 D32S0 D32S1 D32S4 D32S16 D32S0 D32S1 D32S4 D32S16 Packed-D24S8 Packed-D32S8 
13:05:59: FBO PF_R8G8B8 depth/stencil support: D0S0 D0S1 D0S4 D0S16 D16S0 D16S1 D16S4 D16S16 D24S0 D24S1 D24S4 D24S16 D32S0 D32S1 D32S4 D32S16 D32S0 D32S1 D32S4 D32S16 Packed-D24S8 Packed-D32S8 
13:05:59: FBO PF_B8G8R8 depth/stencil support: D0S0 D0S1 D0S4 D0S16 D16S0 D16S1 D16S4 D16S16 D24S0 D24S1 D24S4 D24S16 D32S0 D32S1 D32S4 D32S16 D32S0 D32S1 D32S4 D32S16 Packed-D24S8 Packed-D32S8 
13:05:59: FBO PF_A8R8G8B8 depth/stencil support: D0S0 D0S1 D0S4 D0S16 D16S0 D16S1 D16S4 D16S16 D24S0 D24S1 D24S4 D24S16 D32S0 D32S1 D32S4 D32S16 D32S0 D32S1 D32S4 D32S16 Packed-D24S8 Packed-D32S8 
13:05:59: FBO PF_A8B8G8R8 depth/stencil support: D0S0 D0S1 D0S4 D0S16 D16S0 D16S1 D16S4 D16S16 D24S0 D24S1 D24S4 D24S16 D32S0 D32S1 D32S4 D32S16 D32S0 D32S1 D32S4 D32S16 Packed-D24S8 Packed-D32S8 
13:05:59: FBO PF_B8G8R8A8 depth/stencil support: D0S0 D0S1 D0S4 D0S16 D16S0 D16S1 D16S4 D16S16 D24S0 D24S1 D24S4 D24S16 D32S0 D32S1 D32S4 D32S16 D32S0 D32S1 D32S4 D32S16 Packed-D24S8 Packed-D32S8 
13:05:59: FBO PF_A2R10G10B10 depth/stencil support: D0S0 D0S1 D0S4 D0S16 D16S0 D16S1 D16S4 D16S16 D24S0 D24S1 D24S4 D24S16 D32S0 D32S1 D32S4 D32S16 D32S0 D32S1 D32S4 D32S16 Packed-D24S8 Packed-D32S8 
13:05:59: FBO PF_A2B10G10R10 depth/stencil support: D0S0 D0S1 D0S4 D0S16 D16S0 D16S1 D16S4 D16S16 D24S0 D24S1 D24S4 D24S16 D32S0 D32S1 D32S4 D32S16 D32S0 D32S1 D32S4 D32S16 Packed-D24S8 Packed-D32S8 
13:05:59: FBO PF_FLOAT16_RGB depth/stencil support: D0S0 D0S1 D0S4 D0S16 D16S0 D16S1 D16S4 D16S16 D24S0 D24S1 D24S4 D24S16 D32S0 D32S1 D32S4 D32S16 D32S0 D32S1 D32S4 D32S16 Packed-D24S8 Packed-D32S8 
13:05:59: FBO PF_FLOAT16_RGBA depth/stencil support: D0S0 D0S1 D0S4 D0S16 D16S0 D16S1 D16S4 D16S16 D24S0 D24S1 D24S4 D24S16 D32S0 D32S1 D32S4 D32S16 D32S0 D32S1 D32S4 D32S16 Packed-D24S8 Packed-D32S8 
13:05:59: FBO PF_FLOAT32_RGB depth/stencil support: D0S0 D0S1 D0S4 D0S16 D16S0 D16S1 D16S4 D16S16 D24S0 D24S1 D24S4 D24S16 D32S0 D32S1 D32S4 D32S16 D32S0 D32S1 D32S4 D32S16 Packed-D24S8 Packed-D32S8 
13:05:59: FBO PF_FLOAT32_RGBA depth/stencil support: D0S0 D0S1 D0S4 D0S16 D16S0 D16S1 D16S4 D16S16 D24S0 D24S1 D24S4 D24S16 D32S0 D32S1 D32S4 D32S16 D32S0 D32S1 D32S4 D32S16 Packed-D24S8 Packed-D32S8 
13:05:59: FBO PF_X8R8G8B8 depth/stencil support: D0S0 D0S1 D0S4 D0S16 D16S0 D16S1 D16S4 D16S16 D24S0 D24S1 D24S4 D24S16 D32S0 D32S1 D32S4 D32S16 D32S0 D32S1 D32S4 D32S16 Packed-D24S8 Packed-D32S8 
13:05:59: FBO PF_X8B8G8R8 depth/stencil support: D0S0 D0S1 D0S4 D0S16 D16S0 D16S1 D16S4 D16S16 D24S0 D24S1 D24S4 D24S16 D32S0 D32S1 D32S4 D32S16 D32S0 D32S1 D32S4 D32S16 Packed-D24S8 Packed-D32S8 
13:05:59: FBO PF_R8G8B8A8 depth/stencil support: D0S0 D0S1 D0S4 D0S16 D16S0 D16S1 D16S4 D16S16 D24S0 D24S1 D24S4 D24S16 D32S0 D32S1 D32S4 D32S16 D32S0 D32S1 D32S4 D32S16 Packed-D24S8 Packed-D32S8 
13:05:59: FBO PF_DEPTH depth/stencil support: D0S0 D0S1 D0S4 D0S16 D16S0 D16S1 D16S4 D16S16 D24S0 D24S1 D24S4 D24S16 D32S0 D32S1 D32S4 D32S16 D32S0 D32S1 D32S4 D32S16 Packed-D24S8 Packed-D32S8 
13:05:59: FBO PF_SHORT_RGBA depth/stencil support: D0S0 D0S1 D0S4 D0S16 D16S0 D16S1 D16S4 D16S16 D24S0 D24S1 D24S4 D24S16 D32S0 D32S1 D32S4 D32S16 D32S0 D32S1 D32S4 D32S16 Packed-D24S8 Packed-D32S8 
13:05:59: FBO PF_R3G3B2 depth/stencil support: D0S0 D0S1 D0S4 D0S16 D16S0 D16S1 D16S4 D16S16 D24S0 D24S1 D24S4 D24S16 D32S0 D32S1 D32S4 D32S16 D32S0 D32S1 D32S4 D32S16 Packed-D24S8 Packed-D32S8 
13:05:59: FBO PF_FLOAT16_R depth/stencil support: D0S0 D0S1 D0S4 D0S16 D16S0 D16S1 D16S4 D16S16 D24S0 D24S1 D24S4 D24S16 D32S0 D32S1 D32S4 D32S16 D32S0 D32S1 D32S4 D32S16 Packed-D24S8 Packed-D32S8 
13:05:59: FBO PF_FLOAT32_R depth/stencil support: D0S0 D0S1 D0S4 D0S16 D16S0 D16S1 D16S4 D16S16 D24S0 D24S1 D24S4 D24S16 D32S0 D32S1 D32S4 D32S16 D32S0 D32S1 D32S4 D32S16 Packed-D24S8 Packed-D32S8 
13:05:59: FBO PF_SHORT_GR depth/stencil support: D0S0 D0S1 D0S4 D0S16 D16S0 D16S1 D16S4 D16S16 D24S0 D24S1 D24S4 D24S16 D32S0 D32S1 D32S4 D32S16 D32S0 D32S1 D32S4 D32S16 Packed-D24S8 Packed-D32S8 
13:05:59: FBO PF_FLOAT16_GR depth/stencil support: D0S0 D0S1 D0S4 D0S16 D16S0 D16S1 D16S4 D16S16 D24S0 D24S1 D24S4 D24S16 D32S0 D32S1 D32S4 D32S16 D32S0 D32S1 D32S4 D32S16 Packed-D24S8 Packed-D32S8 
13:05:59: FBO PF_FLOAT32_GR depth/stencil support: D0S0 D0S1 D0S4 D0S16 D16S0 D16S1 D16S4 D16S16 D24S0 D24S1 D24S4 D24S16 D32S0 D32S1 D32S4 D32S16 D32S0 D32S1 D32S4 D32S16 Packed-D24S8 Packed-D32S8 
13:05:59: FBO PF_SHORT_RGB depth/stencil support: D0S0 D0S1 D0S4 D0S16 D16S0 D16S1 D16S4 D16S16 D24S0 D24S1 D24S4 D24S16 D32S0 D32S1 D32S4 D32S16 D32S0 D32S1 D32S4 D32S16 Packed-D24S8 Packed-D32S8 
13:05:59: FBO PF_R11G11B10_FLOAT depth/stencil support: D0S0 D0S1 D0S4 D0S16 D16S0 D16S1 D16S4 D16S16 D24S0 D24S1 D24S4 D24S16 D32S0 D32S1 D32S4 D32S16 D32S0 D32S1 D32S4 D32S16 Packed-D24S8 Packed-D32S8 
13:05:59: FBO PF_R8_UINT depth/stencil support: D0S0 D0S1 D0S4 D0S16 D16S0 D16S1 D16S4 D16S16 D24S0 D24S1 D24S4 D24S16 D32S0 D32S1 D32S4 D32S16 D32S0 D32S1 D32S4 D32S16 Packed-D24S8 Packed-D32S8 
13:05:59: FBO PF_R8G8_UINT depth/stencil support: D0S0 D0S1 D0S4 D0S16 D16S0 D16S1 D16S4 D16S16 D24S0 D24S1 D24S4 D24S16 D32S0 D32S1 D32S4 D32S16 D32S0 D32S1 D32S4 D32S16 Packed-D24S8 Packed-D32S8 
13:05:59: FBO PF_R8G8B8_UINT depth/stencil support: D0S0 D0S1 D0S4 D0S16 D16S0 D16S1 D16S4 D16S16 D24S0 D24S1 D24S4 D24S16 D32S0 D32S1 D32S4 D32S16 D32S0 D32S1 D32S4 D32S16 Packed-D24S8 Packed-D32S8 
13:05:59: FBO PF_R8G8B8A8_UINT depth/stencil support: D0S0 D0S1 D0S4 D0S16 D16S0 D16S1 D16S4 D16S16 D24S0 D24S1 D24S4 D24S16 D32S0 D32S1 D32S4 D32S16 D32S0 D32S1 D32S4 D32S16 Packed-D24S8 Packed-D32S8 
13:05:59: FBO PF_R16_UINT depth/stencil support: D0S0 D0S1 D0S4 D0S16 D16S0 D16S1 D16S4 D16S16 D24S0 D24S1 D24S4 D24S16 D32S0 D32S1 D32S4 D32S16 D32S0 D32S1 D32S4 D32S16 Packed-D24S8 Packed-D32S8 
13:05:59: FBO PF_R16G16_UINT depth/stencil support: D0S0 D0S1 D0S4 D0S16 D16S0 D16S1 D16S4 D16S16 D24S0 D24S1 D24S4 D24S16 D32S0 D32S1 D32S4 D32S16 D32S0 D32S1 D32S4 D32S16 Packed-D24S8 Packed-D32S8 
13:05:59: FBO PF_R16G16B16_UINT depth/stencil support: D0S0 D0S1 D0S4 D0S16 D16S0 D16S1 D16S4 D16S16 D24S0 D24S1 D24S4 D24S16 D32S0 D32S1 D32S4 D32S16 D32S0 D32S1 D32S4 D32S16 Packed-D24S8 Packed-D32S8 
13:05:59: FBO PF_R16G16B16A16_UINT depth/stencil support: D0S0 D0S1 D0S4 D0S16 D16S0 D16S1 D16S4 D16S16 D24S0 D24S1 D24S4 D24S16 D32S0 D32S1 D32S4 D32S16 D32S0 D32S1 D32S4 D32S16 Packed-D24S8 Packed-D32S8 
13:05:59: FBO PF_R32_UINT depth/stencil support: D0S0 D0S1 D0S4 D0S16 D16S0 D16S1 D16S4 D16S16 D24S0 D24S1 D24S4 D24S16 D32S0 D32S1 D32S4 D32S16 D32S0 D32S1 D32S4 D32S16 Packed-D24S8 Packed-D32S8 
13:05:59: FBO PF_R32G32_UINT depth/stencil support: D0S0 D0S1 D0S4 D0S16 D16S0 D16S1 D16S4 D16S16 D24S0 D24S1 D24S4 D24S16 D32S0 D32S1 D32S4 D32S16 D32S0 D32S1 D32S4 D32S16 Packed-D24S8 Packed-D32S8 
13:05:59: FBO PF_R32G32B32_UINT depth/stencil support: D0S0 D0S1 D0S4 D0S16 D16S0 D16S1 D16S4 D16S16 D24S0 D24S1 D24S4 D24S16 D32S0 D32S1 D32S4 D32S16 D32S0 D32S1 D32S4 D32S16 Packed-D24S8 Packed-D32S8 
13:05:59: FBO PF_R32G32B32A32_UINT depth/stencil support: D0S0 D0S1 D0S4 D0S16 D16S0 D16S1 D16S4 D16S16 D24S0 D24S1 D24S4 D24S16 D32S0 D32S1 D32S4 D32S16 D32S0 D32S1 D32S4 D32S16 Packed-D24S8 Packed-D32S8 
13:05:59: FBO PF_R8_SINT depth/stencil support: D0S0 D0S1 D0S4 D0S16 D16S0 D16S1 D16S4 D16S16 D24S0 D24S1 D24S4 D24S16 D32S0 D32S1 D32S4 D32S16 D32S0 D32S1 D32S4 D32S16 Packed-D24S8 Packed-D32S8 
13:05:59: FBO PF_R8G8_SINT depth/stencil support: D0S0 D0S1 D0S4 D0S16 D16S0 D16S1 D16S4 D16S16 D24S0 D24S1 D24S4 D24S16 D32S0 D32S1 D32S4 D32S16 D32S0 D32S1 D32S4 D32S16 Packed-D24S8 Packed-D32S8 
13:05:59: FBO PF_R8G8B8_SINT depth/stencil support: D0S0 D0S1 D0S4 D0S16 D16S0 D16S1 D16S4 D16S16 D24S0 D24S1 D24S4 D24S16 D32S0 D32S1 D32S4 D32S16 D32S0 D32S1 D32S4 D32S16 Packed-D24S8 Packed-D32S8 
13:05:59: FBO PF_R8G8B8A8_SINT depth/stencil support: D0S0 D0S1 D0S4 D0S16 D16S0 D16S1 D16S4 D16S16 D24S0 D24S1 D24S4 D24S16 D32S0 D32S1 D32S4 D32S16 D32S0 D32S1 D32S4 D32S16 Packed-D24S8 Packed-D32S8 
13:05:59: FBO PF_R16_SINT depth/stencil support: D0S0 D0S1 D0S4 D0S16 D16S0 D16S1 D16S4 D16S16 D24S0 D24S1 D24S4 D24S16 D32S0 D32S1 D32S4 D32S16 D32S0 D32S1 D32S4 D32S16 Packed-D24S8 Packed-D32S8 
13:05:59: FBO PF_R16G16_SINT depth/stencil support: D0S0 D0S1 D0S4 D0S16 D16S0 D16S1 D16S4 D16S16 D24S0 D24S1 D24S4 D24S16 D32S0 D32S1 D32S4 D32S16 D32S0 D32S1 D32S4 D32S16 Packed-D24S8 Packed-D32S8 
13:05:59: FBO PF_R16G16B16_SINT depth/stencil support: D0S0 D0S1 D0S4 D0S16 D16S0 D16S1 D16S4 D16S16 D24S0 D24S1 D24S4 D24S16 D32S0 D32S1 D32S4 D32S16 D32S0 D32S1 D32S4 D32S16 Packed-D24S8 Packed-D32S8 
13:05:59: FBO PF_R16G16B16A16_SINT depth/stencil support: D0S0 D0S1 D0S4 D0S16 D16S0 D16S1 D16S4 D16S16 D24S0 D24S1 D24S4 D24S16 D32S0 D32S1 D32S4 D32S16 D32S0 D32S1 D32S4 D32S16 Packed-D24S8 Packed-D32S8 
13:05:59: FBO PF_R32_SINT depth/stencil support: D0S0 D0S1 D0S4 D0S16 D16S0 D16S1 D16S4 D16S16 D24S0 D24S1 D24S4 D24S16 D32S0 D32S1 D32S4 D32S16 D32S0 D32S1 D32S4 D32S16 Packed-D24S8 Packed-D32S8 
13:05:59: FBO PF_R32G32_SINT depth/stencil support: D0S0 D0S1 D0S4 D0S16 D16S0 D16S1 D16S4 D16S16 D24S0 D24S1 D24S4 D24S16 D32S0 D32S1 D32S4 D32S16 D32S0 D32S1 D32S4 D32S16 Packed-D24S8 Packed-D32S8 
13:05:59: FBO PF_R32G32B32_SINT depth/stencil support: D0S0 D0S1 D0S4 D0S16 D16S0 D16S1 D16S4 D16S16 D24S0 D24S1 D24S4 D24S16 D32S0 D32S1 D32S4 D32S16 D32S0 D32S1 D32S4 D32S16 Packed-D24S8 Packed-D32S8 
13:05:59: FBO PF_R32G32B32A32_SINT depth/stencil support: D0S0 D0S1 D0S4 D0S16 D16S0 D16S1 D16S4 D16S16 D24S0 D24S1 D24S4 D24S16 D32S0 D32S1 D32S4 D32S16 D32S0 D32S1 D32S4 D32S16 Packed-D24S8 Packed-D32S8 
13:05:59: FBO PF_R8 depth/stencil support: D0S0 D0S1 D0S4 D0S16 D16S0 D16S1 D16S4 D16S16 D24S0 D24S1 D24S4 D24S16 D32S0 D32S1 D32S4 D32S16 D32S0 D32S1 D32S4 D32S16 Packed-D24S8 Packed-D32S8 
13:05:59: FBO PF_RG8 depth/stencil support: D0S0 D0S1 D0S4 D0S16 D16S0 D16S1 D16S4 D16S16 D24S0 D24S1 D24S4 D24S16 D32S0 D32S1 D32S4 D32S16 D32S0 D32S1 D32S4 D32S16 Packed-D24S8 Packed-D32S8 
13:05:59: FBO PF_R8_SNORM depth/stencil support: D0S0 D0S1 D0S4 D0S16 D16S0 D16S1 D16S4 D16S16 D24S0 D24S1 D24S4 D24S16 D32S0 D32S1 D32S4 D32S16 D32S0 D32S1 D32S4 D32S16 Packed-D24S8 Packed-D32S8 
13:05:59: FBO PF_R8G8_SNORM depth/stencil support: D0S0 D0S1 D0S4 D0S16 D16S0 D16S1 D16S4 D16S16 D24S0 D24S1 D24S4 D24S16 D32S0 D32S1 D32S4 D32S16 D32S0 D32S1 D32S4 D32S16 Packed-D24S8 Packed-D32S8 
13:05:59: FBO PF_R8G8B8_SNORM depth/stencil support: D0S0 D0S1 D0S4 D0S16 D16S0 D16S1 D16S4 D16S16 D24S0 D24S1 D24S4 D24S16 D32S0 D32S1 D32S4 D32S16 D32S0 D32S1 D32S4 D32S16 Packed-D24S8 Packed-D32S8 
13:05:59: FBO PF_R8G8B8A8_SNORM depth/stencil support: D0S0 D0S1 D0S4 D0S16 D16S0 D16S1 D16S4 D16S16 D24S0 D24S1 D24S4 D24S16 D32S0 D32S1 D32S4 D32S16 D32S0 D32S1 D32S4 D32S16 Packed-D24S8 Packed-D32S8 
13:05:59: FBO PF_R16_SNORM depth/stencil support: D0S0 D0S1 D0S4 D0S16 D16S0 D16S1 D16S4 D16S16 D24S0 D24S1 D24S4 D24S16 D32S0 D32S1 D32S4 D32S16 D32S0 D32S1 D32S4 D32S16 Packed-D24S8 Packed-D32S8 
13:05:59: FBO PF_R16G16_SNORM depth/stencil support: D0S0 D0S1 D0S4 D0S16 D16S0 D16S1 D16S4 D16S16 D24S0 D24S1 D24S4 D24S16 D32S0 D32S1 D32S4 D32S16 D32S0 D32S1 D32S4 D32S16 Packed-D24S8 Packed-D32S8 
13:05:59: FBO PF_R16G16B16_SNORM depth/stencil support: D0S0 D0S1 D0S4 D0S16 D16S0 D16S1 D16S4 D16S16 D24S0 D24S1 D24S4 D24S16 D32S0 D32S1 D32S4 D32S16 D32S0 D32S1 D32S4 D32S16 Packed-D24S8 Packed-D32S8 
13:05:59: FBO PF_R16G16B16A16_SNORM depth/stencil support: D0S0 D0S1 D0S4 D0S16 D16S0 D16S1 D16S4 D16S16 D24S0 D24S1 D24S4 D24S16 D32S0 D32S1 D32S4 D32S16 D32S0 D32S1 D32S4 D32S16 Packed-D24S8 Packed-D32S8 
13:05:59: [GL] : Valid FBO targets PF_UNKNOWN PF_L8 PF_L16 PF_A8 PF_BYTE_LA PF_R5G6B5 PF_B5G6R5 PF_A4R4G4B4 PF_A1R5G5B5 PF_R8G8B8 PF_B8G8R8 PF_A8R8G8B8 PF_A8B8G8R8 PF_B8G8R8A8 PF_A2R10G10B10 PF_A2B10G10R10 PF_FLOAT16_RGB PF_FLOAT16_RGBA PF_FLOAT32_RGB PF_FLOAT32_RGBA PF_X8R8G8B8 PF_X8B8G8R8 PF_R8G8B8A8 PF_DEPTH PF_SHORT_RGBA PF_R3G3B2 PF_FLOAT16_R PF_FLOAT32_R PF_SHORT_GR PF_FLOAT16_GR PF_FLOAT32_GR PF_SHORT_RGB PF_R11G11B10_FLOAT PF_R8_UINT PF_R8G8_UINT PF_R8G8B8_UINT PF_R8G8B8A8_UINT PF_R16_UINT PF_R16G16_UINT PF_R16G16B16_UINT PF_R16G16B16A16_UINT PF_R32_UINT PF_R32G32_UINT PF_R32G32B32_UINT PF_R32G32B32A32_UINT PF_R8_SINT PF_R8G8_SINT PF_R8G8B8_SINT PF_R8G8B8A8_SINT PF_R16_SINT PF_R16G16_SINT PF_R16G16B16_SINT PF_R16G16B16A16_SINT PF_R32_SINT PF_R32G32_SINT PF_R32G32B32_SINT PF_R32G32B32A32_SINT PF_R8 PF_RG8 PF_R8_SNORM PF_R8G8_SNORM PF_R8G8B8_SNORM PF_R8G8B8A8_SNORM PF_R16_SNORM PF_R16G16_SNORM PF_R16G16B16_SNORM PF_R16G16B16A16_SNORM 
13:05:59: RenderSystem capabilities
13:05:59: -------------------------
13:05:59: RenderSystem Name: OpenGL 3+ Rendering Subsystem
13:05:59: GPU Vendor: unknown
13:05:59: Device Name: Radeon RX 580 Series
13:05:59: Driver Version: 4.6.0.0
13:05:59:  * Fixed function pipeline: no
13:05:59:  * Anisotropic texture filtering: yes
13:05:59:  * Cube mapping: yes
13:05:59:  * Hardware stencil buffer: yes
13:05:59:    - Stencil depth: 8
13:05:59:    - Two sided stencil support: yes
13:05:59:    - Wrap stencil values: yes
13:05:59:  * 32-bit index buffers: yes
13:05:59:  * Vertex programs: yes
13:05:59:  * Number of floating-point constants for vertex programs: 16384
13:05:59:  * Number of integer constants for vertex programs: 16384
13:05:59:  * Number of boolean constants for vertex programs: 16384
13:05:59:  * Fragment programs: yes
13:05:59:  * Number of floating-point constants for fragment programs: 16384
13:05:59:  * Number of integer constants for fragment programs: 16384
13:05:59:  * Number of boolean constants for fragment programs: 16384
13:05:59:  * Geometry programs: yes
13:05:59:  * Number of floating-point constants for geometry programs: 16384
13:05:59:  * Number of integer constants for geometry programs: 16384
13:05:59:  * Number of boolean constants for geometry programs: 16384
13:05:59:  * Tessellation Hull programs: yes
13:05:59:  * Number of floating-point constants for tessellation hull programs: 16384
13:05:59:  * Number of integer constants for tessellation hull programs: 16384
13:05:59:  * Number of boolean constants for tessellation hull programs: 16384
13:05:59:  * Tessellation Domain programs: yes
13:05:59:  * Number of floating-point constants for tessellation domain programs: 16384
13:05:59:  * Number of integer constants for tessellation domain programs: 16384
13:05:59:  * Number of boolean constants for tessellation domain programs: 16384
13:05:59:  * Compute programs: yes
13:05:59:  * Number of floating-point constants for compute programs: 16384
13:05:59:  * Number of integer constants for compute programs: 16384
13:06:00:  * Number of boolean constants for compute programs: 16384
13:06:00:  * Supported Shader Profiles: glsl glsl130 glsl140 glsl150 glsl330 glsl400 glsl410 glsl420 glsl430 glsl440 glsl450 glsl460
13:06:00:  * Texture Compression: yes
13:06:00:    - DXT: yes
13:06:00:    - VTC: no
13:06:00:    - PVRTC: no
13:06:00:    - ATC: no
13:06:00:    - ETC1: no
13:06:00:    - ETC2: yes
13:06:00:    - BC4/BC5: yes
13:06:00:    - BC6H/BC7: yes
13:06:00:    - ASTC: no
13:06:00:    - Mipmaps for compressed formats: yes
13:06:00:  * Hardware Occlusion Query: yes
13:06:00:  * User clip planes: yes
13:06:00:  * VET_UBYTE4 vertex element type: yes
13:06:00:  * Infinite far plane projection: yes
13:06:00:  * Hardware render-to-texture: yes
13:06:00:  * Floating point textures: yes
13:06:00:  * Non-power-of-two textures: yes
13:06:00:  * 1d textures: yes
13:06:00:  * Volume textures: yes
13:06:00:  * Multiple Render Targets: 8
13:06:00:    - With different bit depths: yes
13:06:00:  * Point Sprites: yes
13:06:00:  * Wide Lines: yes
13:06:00:  * Hardware Gamma: yes
13:06:00:  * Extended point parameters: yes
13:06:00:  * Max Point Size: 63
13:06:00:  * Vertex texture fetch: yes
13:06:00:  * Number of texture units: 16
13:06:00:  * Number of vertex attributes: 29
13:06:00:  * Stencil buffer depth: 8
13:06:00:  * Number of vertex blend matrices: 0
13:06:00:    - Max vertex textures: 29
13:06:00:    - Vertex textures shared: yes
13:06:00:  * Render to Vertex Buffer : yes
13:06:00:  * Hardware Atomic Counters: yes
13:06:00:  * PBuffer support: no
13:06:00:  * Vertex Array Objects: yes
13:06:00:  * Separate shader objects: yes
13:06:00:  * GLSL SSO redeclare interface block: yes
13:06:00:  * Debugging/ profiling events: yes
13:06:00:  * Map buffer storage: yes
13:06:00: Registering ResourceManager for type Texture
13:06:00: DefaultWorkQueue('Root') initialising on thread 1708.
13:06:00: DefaultWorkQueue('Root')::WorkerFunc - thread 15548 starting.
13:06:00: DefaultWorkQueue('Root')::WorkerFunc - thread 19820 starting.
13:06:00: DefaultWorkQueue('Root')::WorkerFunc - thread 9768 starting.
13:06:00: DefaultWorkQueue('Root')::WorkerFunc - thread 7212 starting.
13:06:00: DefaultWorkQueue('Root')::WorkerFunc - thread 10324 starting.
13:06:00: DefaultWorkQueue('Root')::WorkerFunc - thread 14612 starting.
13:06:00: DefaultWorkQueue('Root')::WorkerFunc - thread 6528 starting.
13:06:00: DefaultWorkQueue('Root')::WorkerFunc - thread 14196 starting.
13:06:00: DefaultWorkQueue('Root')::WorkerFunc - thread 4780 starting.
13:06:00: DefaultWorkQueue('Root')::WorkerFunc - thread 21168 starting.
13:06:00: DefaultWorkQueue('Root')::WorkerFunc - thread 4804 starting.
13:06:00: DefaultWorkQueue('Root')::WorkerFunc - thread 13976 starting.
13:06:00: DefaultWorkQueue('Root')::WorkerFunc - thread 23652 starting.
13:06:00: DefaultWorkQueue('Root')::WorkerFunc - thread 22864 starting.
13:06:00: DefaultWorkQueue('Root')::WorkerFunc - thread 23432 starting.
13:06:00: DefaultWorkQueue('Root')::WorkerFunc - thread 7532 starting.
13:06:00: Particle Renderer Type 'billboard' registered
13:06:00: SceneManagerFactory for type 'BspSceneManager' registered.
13:06:00: Registering SceneLoader Q3BSP
13:06:00: SceneManagerFactory for type 'PCZSceneManager' registered.
13:06:00: MovableObjectFactory for type 'PCZLight' registered.
13:06:00: MovableObjectFactory for type 'Portal' registered.
13:06:00: MovableObjectFactory for type 'AntiPortal' registered.
13:06:00: PCZone Factory Type 'ZoneType_Octree' registered
13:06:00: SceneManagerFactory for type 'OctreeSceneManager' registered.
13:06:00: Creating resource group Essential
13:06:00: Added resource location '../Media/thumbnails' of type 'FileSystem' to resource group 'Essential'
13:06:00: Added resource location '../Media/packs/SdkTrays.zip' of type 'Zip' to resource group 'Essential'
13:06:00: Added resource location '../Media/packs/profiler.zip' of type 'Zip' to resource group 'Essential'
13:06:00: Added resource location '../Media' of type 'FileSystem' to resource group 'General'
13:06:00: Added resource location '../Media/fonts' of type 'FileSystem' to resource group 'General'
13:06:00: Added resource location '../Media/materials/programs' of type 'FileSystem' to resource group 'General'
13:06:00: Added resource location '../Media/IG2App' of type 'FileSystem' to resource group 'General'
13:06:00: Added resource location '../Media/packs/ogredance.zip' of type 'Zip' to resource group 'General'
13:06:00: Added resource location '../Media/packs/Sinbad.zip' of type 'Zip' to resource group 'General'
13:06:00: Added resource location '../Media/packs/DamagedHelmet.zip' of type 'Zip' to resource group 'General'
13:06:00: Added resource location '../Media/packs/fresneldemo.zip' of type 'Zip' to resource group 'General'
13:06:00: Added resource location '../Media/materials/programs/GLSL120' of type 'FileSystem' to resource group 'General'
13:06:00: Added resource location '../Media/materials/programs/GLSL150' of type 'FileSystem' to resource group 'General'
13:06:00: Added resource location '../Media/materials/programs/GLSL400' of type 'FileSystem' to resource group 'General'
13:06:00: Added resource location '../Media/RTShaderLib/materials' of type 'FileSystem' to resource group 'General'
13:06:00: Added resource location '../Media/RTShaderLib/GLSL' of type 'FileSystem' to resource group 'General'
13:06:00: Parsing scripts for resource group Essential
13:06:00: Parsing script SdkTrays.material
13:06:00: Parsing script OgreProfiler.material
13:06:00: Parsing script SdkTrays.fontdef
13:06:00: Parsing script SdkTrays.overlay
13:06:00: Texture: sdk_cursor.png: Loading 1 faces(PF_A8B8G8R8,32x32x1) with 5 hardware generated mipmaps from Image. Internal format is PF_A8B8G8R8,32x32x1.
13:06:00: Texture: sdk_tray.png: Loading 1 faces(PF_A8B8G8R8,64x64x1) with 6 hardware generated mipmaps from Image. Internal format is PF_A8B8G8R8,64x64x1.
13:06:00: Texture: sdk_button_up.png: Loading 1 faces(PF_A8B8G8R8,128x32x1) with 7 hardware generated mipmaps from Image. Internal format is PF_A8B8G8R8,128x32x1.
13:06:00: Texture: sdk_text_box.png: Loading 1 faces(PF_A8B8G8R8,32x32x1) with 5 hardware generated mipmaps from Image. Internal format is PF_A8B8G8R8,32x32x1.
13:06:00: Texture: sdk_mini_tray.png: Loading 1 faces(PF_A8B8G8R8,32x32x1) with 5 hardware generated mipmaps from Image. Internal format is PF_A8B8G8R8,32x32x1.
13:06:00: Texture: sdk_track.png: Loading 1 faces(PF_A8B8G8R8,16x32x1) with 5 hardware generated mipmaps from Image. Internal format is PF_A8B8G8R8,16x32x1.
13:06:00: Texture: sdk_handle.png: Loading 1 faces(PF_A8B8G8R8,16x16x1) with 4 hardware generated mipmaps from Image. Internal format is PF_A8B8G8R8,16x16x1.
13:06:00: Texture: sdk_mini_text_box.png: Loading 1 faces(PF_A8B8G8R8,32x32x1) with 5 hardware generated mipmaps from Image. Internal format is PF_A8B8G8R8,32x32x1.
13:06:00: Texture: sdk_label.png: Loading 1 faces(PF_A8B8G8R8,32x32x1) with 5 hardware generated mipmaps from Image. Internal format is PF_A8B8G8R8,32x32x1.
13:06:00: Texture: sdk_separator.png: Loading 1 faces(PF_A8B8G8R8,64x16x1) with 6 hardware generated mipmaps from Image. Internal format is PF_A8B8G8R8,64x16x1.
13:06:00: Texture: sdk_logo.png: Loading 1 faces(PF_A8B8G8R8,128x64x1) with 7 hardware generated mipmaps from Image. Internal format is PF_A8B8G8R8,128x64x1.
13:06:00: Texture: sdk_shade.png: Loading 1 faces(PF_A8B8G8R8,64x48x1) with 6 hardware generated mipmaps from Image. Internal format is PF_A8B8G8R8,64x48x1.
13:06:00: Texture: sdk_frame.png: Loading 1 faces(PF_A8B8G8R8,32x32x1) with 5 hardware generated mipmaps from Image. Internal format is PF_A8B8G8R8,32x32x1.
13:06:00: Texture: sdk_mini_text_box_over.png: Loading 1 faces(PF_A8B8G8R8,32x32x1) with 5 hardware generated mipmaps from Image. Internal format is PF_A8B8G8R8,32x32x1.
13:06:00: Texture: sdk_pulse.png: Loading 1 faces(PF_B8G8R8,8x1x1) with 3 hardware generated mipmaps from Image. Internal format is PF_B8G8R8,8x1x1.
13:06:00: Finished parsing scripts for resource group Essential
13:06:00: Creating resources for group Essential
13:06:00: All done
13:06:00: Parsing scripts for resource group General
13:06:00: Parsing script IG2App.material
13:06:00: Parsing script Practica1.material
13:06:00: Parsing script practicaGLSL.material
13:06:00: Ogre::InvalidParametersException::InvalidParametersException: Parameter called Flipping does not exist.  in GpuProgramParameters::_findNamedConstantDefinition at d:\fdi\ig2_18_19\ogre-master\ogremain\src\ogregpuprogramparams.cpp (line 2210)
13:06:00: Error: ScriptCompiler - invalid parameters in practicaGLSL.material(282): setting of constant failed
13:06:00: Parsing script Sinbad.material
13:06:00: Parsing script RomanBath.material
13:06:00: Parsing script DualQuaternionSkinning_Shadow.material
13:06:00: Parsing script HardwareSkinningShadow.material
13:06:00: Parsing script RTShaderSystem.material
13:06:00: Parsing script TriplanarTexturing.material
13:06:00: Parsing script IG2App.particle
13:06:00: Texture: smoke.png: Loading 1 faces(PF_A8B8G8R8,256x256x1) with 8 hardware generated mipmaps from Image. Internal format is PF_A8B8G8R8,256x256x1.
13:06:00: Parsing script IG2.compositor
13:06:00: Finished parsing scripts for resource group General
13:06:00: Creating resources for group General
13:06:00: All done
13:06:00: Parsing scripts for resource group OgreAutodetect
13:06:00: Finished parsing scripts for resource group OgreAutodetect
13:06:00: Creating resources for group OgreAutodetect
13:06:00: All done
13:06:00: Parsing scripts for resource group OgreInternal
13:06:00: Finished parsing scripts for resource group OgreInternal
13:06:00: Creating resources for group OgreInternal
13:06:00: All done
13:06:00: Texture: lightMap.jpg: Loading 1 faces(PF_B8G8R8,256x256x1) with 8 hardware generated mipmaps from Image. Internal format is PF_B8G8R8,256x256x1.
13:06:00: Texture: spaceSky.jpg: Loading 1 faces(PF_B8G8R8,2100x1500x1) with 11 hardware generated mipmaps from Image. Internal format is PF_B8G8R8,2100x1500x1.
13:06:00: Texture: BeachStones.jpg: Loading 1 faces(PF_B8G8R8,512x512x1) with 9 hardware generated mipmaps from Image. Internal format is PF_B8G8R8,512x512x1.
13:06:00: Texture: Water02.jpg: Loading 1 faces(PF_B8G8R8,512x512x1) with 9 hardware generated mipmaps from Image. Internal format is PF_B8G8R8,512x512x1.
13:06:00: Mesh: Loading Barrel.mesh.
13:06:00: Can't assign material 'RustyBarrel' to SubEntity of 'Ogre/MO3' because this Material does not exist in group 'General'. Have you forgotten to define it in a .material script?
13:06:00: Texture: BumpyMetal.jpg: Loading 1 faces(PF_B8G8R8,512x512x1) with 9 hardware generated mipmaps from Image. Internal format is PF_B8G8R8,512x512x1.
13:06:00: Mesh: Loading cube.mesh.
13:06:00: Can't assign material 'RustyBarrel' to SubEntity of 'Ogre/MO5' because this Material does not exist in group 'General'. Have you forgotten to define it in a .material script?
13:06:00: Can't assign material 'RustyBarrel' to SubEntity of 'Ogre/MO7' because this Material does not exist in group 'General'. Have you forgotten to define it in a .material script?
13:06:00: Can't assign material 'RustyBarrel' to SubEntity of 'Ogre/MO9' because this Material does not exist in group 'General'. Have you forgotten to define it in a .material script?
13:06:00: Can't assign material 'RustyBarrel' to SubEntity of 'Ogre/MO11' because this Material does not exist in group 'General'. Have you forgotten to define it in a .material script?
13:06:00: Can't assign material 'RustyBarrel' to SubEntity of 'Ogre/MO13' because this Material does not exist in group 'General'. Have you forgotten to define it in a .material script?
13:06:00: Can't assign material 'RustyBarrel' to SubEntity of 'Ogre/MO15' because this Material does not exist in group 'General'. Have you forgotten to define it in a .material script?
13:06:00: Mesh: Loading sphere.mesh.
13:06:00: Can't assign material 'RustyBarrel' to SubEntity of 'Ogre/MO17' because this Material does not exist in group 'General'. Have you forgotten to define it in a .material script?
13:06:00: Texture: floor_diffuse.PNG: Loading 1 faces(PF_B8G8R8,512x512x1) with 9 hardware generated mipmaps from Image. Internal format is PF_B8G8R8,512x512x1.
13:06:00: Can't assign material 'RustyBarrel' to SubEntity of 'Ogre/MO18' because this Material does not exist in group 'General'. Have you forgotten to define it in a .material script?
13:06:00: Can't assign material 'RustyBarrel' to SubEntity of 'Ogre/MO20' because this Material does not exist in group 'General'. Have you forgotten to define it in a .material script?
13:06:00: Can't assign material 'RustyBarrel' to SubEntity of 'Ogre/MO22' because this Material does not exist in group 'General'. Have you forgotten to define it in a .material script?
13:06:00: Can't assign material 'RustyBarrel' to SubEntity of 'Ogre/MO24' because this Material does not exist in group 'General'. Have you forgotten to define it in a .material script?
13:06:00: Can't assign material 'RustyBarrel' to SubEntity of 'Ogre/MO26' because this Material does not exist in group 'General'. Have you forgotten to define it in a .material script?
13:06:00: Can't assign material 'RustyBarrel' to SubEntity of 'Ogre/MO28' because this Material does not exist in group 'General'. Have you forgotten to define it in a .material script?
13:06:00: Can't assign material 'RustyBarrel' to SubEntity of 'Ogre/MO29' because this Material does not exist in group 'General'. Have you forgotten to define it in a .material script?
13:06:00: Can't assign material 'RustyBarrel' to SubEntity of 'Ogre/MO31' because this Material does not exist in group 'General'. Have you forgotten to define it in a .material script?
13:06:00: Can't assign material 'RustyBarrel' to SubEntity of 'Ogre/MO33' because this Material does not exist in group 'General'. Have you forgotten to define it in a .material script?
13:06:00: Can't assign material 'RustyBarrel' to SubEntity of 'Ogre/MO35' because this Material does not exist in group 'General'. Have you forgotten to define it in a .material script?
13:06:00: Can't assign material 'RustyBarrel' to SubEntity of 'Ogre/MO37' because this Material does not exist in group 'General'. Have you forgotten to define it in a .material script?
13:06:00: Can't assign material 'RustyBarrel' to SubEntity of 'Ogre/MO39' because this Material does not exist in group 'General'. Have you forgotten to define it in a .material script?
13:06:00: Texture: checker.png: Loading 1 faces(PF_B8G8R8,128x128x1) with 7 hardware generated mipmaps from Image. Internal format is PF_B8G8R8,128x128x1.
13:06:00: Mesh: Loading ninja.mesh.
13:06:00: Skeleton: Loading ninja.skeleton
13:06:00: Ogre::FileNotFoundException::FileNotFoundException: Cannot locate resource ninja.skeleton in resource group General. in ResourceGroupManager::openResource at d:\fdi\ig2_18_19\ogre-master\ogremain\src\ogreresourcegroupmanager.cpp (line 698)
13:06:00: Error: Unable to load skeleton 'ninja.skeleton' for Mesh 'ninja.mesh'. This Mesh will not be animated. You can ignore this message if you are using an offline tool.
13:06:00: Can't assign material 'Examples/Ninja' to SubEntity of 'Ogre/MO43' because this Material does not exist in group 'General'. Have you forgotten to define it in a .material script?
13:06:00: Can't assign material 'Examples/Ninja' to SubEntity of 'Ogre/MO43' because this Material does not exist in group 'General'. Have you forgotten to define it in a .material script?
13:06:00: Can't assign material 'RustyBarrel' to SubEntity of 'Ogre/MO44' because this Material does not exist in group 'General'. Have you forgotten to define it in a .material script?
13:06:00: Texture: 10points.png: Loading 1 faces(PF_A8B8G8R8,256x256x1) with 8 hardware generated mipmaps from Image. Internal format is PF_A8B8G8R8,256x256x1.
13:06:00: Mesh: Loading Sinbad.mesh.
13:06:00: Skeleton: Loading Sinbad.skeleton
13:06:00: Texture: sinbad_body.tga: Loading 1 faces(PF_B8G8R8,512x512x1) with 9 hardware generated mipmaps from Image. Internal format is PF_B8G8R8,512x512x1.
13:06:00: Texture: sinbad_clothes.tga: Loading 1 faces(PF_B8G8R8,512x512x1) with 9 hardware generated mipmaps from Image. Internal format is PF_B8G8R8,512x512x1.
13:06:00: Texture: sinbad_sword.tga: Loading 1 faces(PF_B8G8R8,256x256x1) with 8 hardware generated mipmaps from Image. Internal format is PF_B8G8R8,256x256x1.
13:06:00: Warning: the mesh 'Sinbad.mesh' includes vertices with more than 4 bone assignments. The lowest weighted assignments beyond this limit have been removed, so your animation may look slightly different. To eliminate this, reduce the number of bone assignments per vertex on your mesh to 4.
13:06:00: Mesh: Loading Sword.mesh.
13:06:00: Mesh: Loading uv_sphere.mesh.
13:06:00: Texture: corrosion.jpg: Loading 1 faces(PF_B8G8R8,275x183x1) with 8 hardware generated mipmaps from Image. Internal format is PF_B8G8R8,275x183x1.
13:06:00: Texture: spotlight_image.png: Loading 1 faces(PF_B8G8R8,128x128x1) with 7 hardware generated mipmaps from Image. Internal format is PF_B8G8R8,128x128x1.
13:06:00: Texture: spotlight_image2.png: Loading 1 faces(PF_B8G8R8,128x128x1) with 7 hardware generated mipmaps from Image. Internal format is PF_B8G8R8,128x128x1.
13:06:00: Font SdkTrays/Caption using texture size 256x256
13:06:00: Texture: SdkTrays/CaptionTexture: Loading 1 faces(PF_BYTE_LA,256x256x1) Internal format is PF_BYTE_LA,256x256x1.
13:06:00: Font SdkTrays/Value using texture size 512x256
13:06:00: Texture: SdkTrays/ValueTexture: Loading 1 faces(PF_BYTE_LA,512x256x1) Internal format is PF_BYTE_LA,512x256x1.
13:06:22: Unregistering ResourceManager for type Font
13:06:22: DefaultWorkQueue('Root') shutting down on thread 1708.
13:06:22: DefaultWorkQueue('Root')::WorkerFunc - thread 15548 stopped.
13:06:22: DefaultWorkQueue('Root')::WorkerFunc - thread 19820 stopped.
13:06:22: DefaultWorkQueue('Root')::WorkerFunc - thread 7212 stopped.
13:06:22: DefaultWorkQueue('Root')::WorkerFunc - thread 7532 stopped.
13:06:22: DefaultWorkQueue('Root')::WorkerFunc - thread 14612 stopped.
13:06:22: DefaultWorkQueue('Root')::WorkerFunc - thread 4780 stopped.
13:06:22: DefaultWorkQueue('Root')::WorkerFunc - thread 21168 stopped.
13:06:22: DefaultWorkQueue('Root')::WorkerFunc - thread 23432 stopped.
13:06:22: DefaultWorkQueue('Root')::WorkerFunc - thread 22864 stopped.
13:06:22: DefaultWorkQueue('Root')::WorkerFunc - thread 14196 stopped.
13:06:22: DefaultWorkQueue('Root')::WorkerFunc - thread 10324 stopped.
13:06:22: DefaultWorkQueue('Root')::WorkerFunc - thread 13976 stopped.
13:06:22: DefaultWorkQueue('Root')::WorkerFunc - thread 9768 stopped.
13:06:22: DefaultWorkQueue('Root')::WorkerFunc - thread 6528 stopped.
13:06:22: DefaultWorkQueue('Root')::WorkerFunc - thread 4804 stopped.
13:06:22: DefaultWorkQueue('Root')::WorkerFunc - thread 23652 stopped.
13:06:22: PCZone Factory Type 'ZoneType_Octree' unregistered
13:06:22: *-*-* OGRE Shutdown
13:06:22: Unregistering ResourceManager for type Compositor
13:06:22: Uninstalling plugin: Octree Scene Manager
13:06:22: Plugin successfully uninstalled
13:06:22: Unloading library D:/Pablo/3º/1ºCuatri/IG2/IG2/ProyectosOGRE15x86/bin/.\Plugin_OctreeSceneManager
13:06:22: Uninstalling plugin: Octree Zone Factory
13:06:22: Plugin successfully uninstalled
13:06:22: Unloading library D:/Pablo/3º/1ºCuatri/IG2/IG2/ProyectosOGRE15x86/bin/.\Plugin_OctreeZone
13:06:22: Uninstalling plugin: Portal Connected Zone Scene Manager
13:06:22: Plugin successfully uninstalled
13:06:22: Unloading library D:/Pablo/3º/1ºCuatri/IG2/IG2/ProyectosOGRE15x86/bin/.\Plugin_PCZSceneManager
13:06:22: Unloading library D:/Pablo/3º/1ºCuatri/IG2/IG2/ProyectosOGRE15x86/bin/.\Codec_STBI
13:06:22: Uninstalling plugin: BSP Scene Manager
13:06:22: Plugin successfully uninstalled
13:06:22: Unloading library D:/Pablo/3º/1ºCuatri/IG2/IG2/ProyectosOGRE15x86/bin/.\Plugin_BSPSceneManager
13:06:22: Uninstalling plugin: ParticleFX
13:06:22: Plugin successfully uninstalled
13:06:22: Unloading library D:/Pablo/3º/1ºCuatri/IG2/IG2/ProyectosOGRE15x86/bin/.\Plugin_ParticleFX
13:06:22: Uninstalling plugin: GL 3+ RenderSystem
13:06:22: Unregistering ResourceManager for type GpuProgram
13:06:22: Unregistering ResourceManager for type Texture
13:06:22: *** Stopping Win32GL Subsystem ***
13:06:22: Plugin successfully uninstalled
13:06:22: Unloading library D:/Pablo/3º/1ºCuatri/IG2/IG2/ProyectosOGRE15x86/bin/.\RenderSystem_GL3Plus
13:06:22: Uninstalling plugin: GL RenderSystem
13:06:22: *** Stopping Win32GL Subsystem ***
13:06:22: Plugin successfully uninstalled
13:06:22: Unloading library D:/Pablo/3º/1ºCuatri/IG2/IG2/ProyectosOGRE15x86/bin/.\RenderSystem_GL
13:06:22: Unregistering ResourceManager for type Skeleton
13:06:22: Unregistering ResourceManager for type Mesh
13:06:22: Unregistering ResourceManager for type HighLevelGpuProgram
13:06:22: Unregistering ResourceManager for type Material
